Results of kics linter (version 2.1.13)
See documentation on https://megalinter.io/9.0.1/descriptors/repository_kics/
-----------------------------------------------

❌ [ERROR] for workspace /github/workspace
Linter raw log:

                                                                                                                                                   
                                                                                                                                                                                                    
   MLLLLLM             MLLLLLLLLL   LLLLLLL             KLLLLLLLLLLLLLLLL       LLLLLLLLLLLLLLLLLLLLLLL 
   MMMMMMM           MMMMMMMMMML    MMMMMMMK       LMMMMMMMMMMMMMMMMMMMML   KLMMMMMMMMMMMMMMMMMMMMMMMMM 
   MMMMMMM         MMMMMMMMML       MMMMMMMK     LMMMMMMMMMMMMMMMMMMMMMML  LMMMMMMMMMMMMMMMMMMMMMMMMMMM 
   MMMMMMM      MMMMMMMMMML         MMMMMMMK   LMMMMMMMMMMMMMMMMMMMMMMMML LMMMMMMMMMMMMMMMMMMMMMMMMMMMM 
   MMMMMMM    LMMMMMMMMML           MMMMMMMK  LMMMMMMMMMLLMLLLLLLLLLLLLLL LMMMMMMMLLLLLLLLLLLLLLLLLLLLM 
   MMMMMMM  MMMMMMMMMLM             MMMMMMMK LMMMMMMMM                    LMMMMMML                      
   MMMMMMMLMMMMMMMML                MMMMMMMK MMMMMMML                     LMMMMMMMMLLLLLLLLLLLLLMLL     
   MMMMMMMMMMMMMMMM                 MMMMMMMK MMMMMML                       LMMMMMMMMMMMMMMMMMMMMMMMMML  
   MMMMMMMMMMMMMMMMMM               MMMMMMMK MMMMMMM                         LMMMMMMMMMMMMMMMMMMMMMMMML 
   MMMMMMM KLMMMMMMMMML             MMMMMMMK LMMMMMMM                                          MMMMMMMML
   MMMMMMM    LMMMMMMMMMM           MMMMMMMK LMMMMMMMMLL                                        MMMMMMML
   MMMMMMM      LMMMMMMMMMLL        MMMMMMMK  LMMMMMMMMMMMMMMMMMMMMMMMMML LLLLLLLLLLLLLLLLLLLLMMMMMMMMMM
   MMMMMMM        MMMMMMMMMMML      MMMMMMMK   MMMMMMMMMMMMMMMMMMMMMMMMML LMMMMMMMMMMMMMMMMMMMMMMMMMMMM 
   MMMMMMM          LLMMMMMMMMML    MMMMMMMK     LLMMMMMMMMMMMMMMMMMMMMML LMMMMMMMMMMMMMMMMMMMMMMMMMML  
   MMMMMMM             MMMMMMMMMML  MMMMMMMK         KLMMMMMMMMMMMMMMMMML LMMMMMMMMMMMMMMMMMMMMMMMLK    
                                                                                                            
                                                                                                                                                                                                                                                                                                                        


Scanning with Keeping Infrastructure as Code Secure v2.1.13





Unpinned Actions Full Length Commit SHA, Severity: LOW, Results: 13
Description: Pinning an action to a full length commit SHA is currently the only way to use an action as an immutable release. Pinning to a particular SHA helps mitigate the risk of a bad actor adding a backdoor to the action's repository, as they would need to generate a SHA-1 collision for a valid Git object payload. When selecting a SHA, you should verify it is from the action's repository and not a repository fork.
Platform: CICD
CWE: 829
Learn more about this vulnerability: https://docs.kics.io/latest/queries/cicd-queries/555ab8f9-2001-455e-a077-f2d0f41e2fb9

	[1]: .github/workflows/docker.yml:59

		058:       - name: Build and push Docker image
		059:         uses: docker/build-push-action@v5
		060:         with:


	[2]: .github/workflows/release-nightly.yml:119

		118:       - name: Create Nightly Release
		119:         uses: softprops/action-gh-release@v2
		120:         with:


	[3]: .github/workflows/lint.yml:77

		076:         if: steps.ml.outputs.has_updated_sources == 1 && (env.APPLY_FIXES_EVENT == 'all' || env.APPLY_FIXES_EVENT == github.event_name) && env.APPLY_FIXES_MODE == 'pull_request' && (github.event_name == 'push' || github.event.pull_request.head.repo.full_n
		077:         uses: peter-evans/create-pull-request@v7
		078:         with:


	[4]: .github/workflows/lint.yml:96

		095:         if: steps.ml.outputs.has_updated_sources == 1 && (env.APPLY_FIXES_EVENT == 'all' || env.APPLY_FIXES_EVENT == github.event_name) && env.APPLY_FIXES_MODE == 'commit' && github.ref != 'refs/heads/main' && (github.event_name == 'push' || github.event.
		096:         uses: stefanzweifel/git-auto-commit-action@v6
		097:         with:


	[5]: .github/workflows/pre-commit.yml:16

		015: 
		016:       - uses: biomejs/setup-biome@v2
		017: 


	[6]: .github/workflows/devcontainer.yml:31

		030: 
		031:       - uses: devcontainers/ci@v0.3
		032:         with:


	[7]: .github/workflows/docker.yml:28

		027:       - name: Log in to Container Registry
		028:         uses: docker/login-action@v3
		029:         with:


	[8]: .github/workflows/docker.yml:25

		024:       - name: Set up Docker Buildx
		025:         uses: docker/setup-buildx-action@v3
		026: 


	[9]: .github/workflows/docker.yml:35

		034:       - name: Setup Rust
		035:         uses: dtolnay/rust-toolchain@stable
		036:         with:


	[10]: .github/workflows/lint.yml:58

		057:         # More info at https://megalinter.io/flavors/
		058:         uses: oxsecurity/megalinter@v9
		059:         env:


	[11]: .github/workflows/docker.yml:47

		046:         id: meta
		047:         uses: docker/metadata-action@v5
		048:         with:


	[12]: .github/workflows/release-nightly.yml:35

		034: 
		035:       - uses: dtolnay/rust-toolchain@stable
		036:         with:


	[13]: .github/workflows/release.yml:119

		118:       - name: Create Release
		119:         uses: softprops/action-gh-release@v2
		120:         with:


Healthcheck Instruction Missing, Severity: LOW, Results: 1
Description: Ensure that HEALTHCHECK is being used. The HEALTHCHECK instruction tells Docker how to test a container to check that it is still working
Platform: Dockerfile
CWE: 710
Learn more about this vulnerability: https://docs.kics.io/latest/queries/dockerfile-queries/b03a748a-542d-44f4-bb86-9199ab4fd2d5

	[1]: Dockerfile:1

		001: FROM debian:12-slim
		002: 
		003: ARG TARGETARCH


Apt Get Install Pin Version Not Defined, Severity: MEDIUM, Results: 1
Description: When installing a package, its pin version should be defined
Platform: Dockerfile
CWE: 1357
Learn more about this vulnerability: https://docs.kics.io/latest/queries/dockerfile-queries/965a08d7-ef86-4f14-8792-4a3b2098937e

	[1]: Dockerfile:6

		005: 
		006: RUN apt-get update && \
		007:     apt-get install -y --no-install-recommends ca-certificates && \


Missing User Instruction, Severity: HIGH, Results: 1
Description: A user should be specified in the dockerfile, otherwise the image will run as root
Platform: Dockerfile
CWE: 250
Learn more about this vulnerability: https://docs.kics.io/latest/queries/dockerfile-queries/fd54f200-402c-4333-a5a4-36ef6709af2f

	[1]: Dockerfile:1

		001: FROM debian:12-slim
		002: 
		003: ARG TARGETARCH



Results Summary:
CRITICAL: 0
HIGH: 1
MEDIUM: 1
LOW: 14
INFO: 0
TOTAL: 16

A new version 'v2.1.14' of KICS is available, please consider updating

